[    3450ms] [WARNING] No script tag of type "javascript/worker" was found and "useWorker" is true. Not using web worker. @ http://localhost:8501/static/js/GraphVizChart.Bc7oRXRk.js:2
[  103713ms] [WARNING] Unrecognized feature: 'ambient-light-sensor'. @ http://localhost:8501/static/js/isLength.DwwZub7z.js:0
[  103713ms] [WARNING] Unrecognized feature: 'battery'. @ http://localhost:8501/static/js/isLength.DwwZub7z.js:0
[  103713ms] [WARNING] Unrecognized feature: 'document-domain'. @ http://localhost:8501/static/js/isLength.DwwZub7z.js:0
[  103713ms] [WARNING] Unrecognized feature: 'layout-animations'. @ http://localhost:8501/static/js/isLength.DwwZub7z.js:0
[  103713ms] [WARNING] Unrecognized feature: 'legacy-image-formats'. @ http://localhost:8501/static/js/isLength.DwwZub7z.js:0
[  103713ms] [WARNING] Unrecognized feature: 'oversized-images'. @ http://localhost:8501/static/js/isLength.DwwZub7z.js:0
[  103713ms] [WARNING] Unrecognized feature: 'vr'. @ http://localhost:8501/static/js/isLength.DwwZub7z.js:0
[  103713ms] [WARNING] Unrecognized feature: 'wake-lock'. @ http://localhost:8501/static/js/isLength.DwwZub7z.js:0
[  103773ms] [WARNING] An iframe which has both allow-scripts and allow-same-origin for its sandbox attribute can escape its sandboxing. @ about:srcdoc:0
[  167555ms] [WARNING] WebSocket onclose @ http://localhost:8501/static/js/index.D2ZqaFuW.js:17
[  169900ms] [ERROR] Failed to load resource: net::ERR_CONNECTION_REFUSED @ http://localhost:8501/_stcore/health:0
[  169901ms] [ERROR] Failed to load resource: net::ERR_CONNECTION_REFUSED @ http://localhost:8501/_stcore/host-config:0
[  170167ms] [ERROR] Failed to load resource: net::ERR_CONNECTION_REFUSED @ http://localhost:8501/_stcore/health:0
[  172350ms] [ERROR] Failed to load resource: net::ERR_CONNECTION_REFUSED @ http://localhost:8501/_stcore/host-config:0
[  172355ms] [ERROR] Failed to load resource: net::ERR_CONNECTION_REFUSED @ http://localhost:8501/_stcore/health:0
[  172761ms] [ERROR] Failed to load resource: net::ERR_CONNECTION_REFUSED @ http://localhost:8501/_stcore/host-config:0
[  174684ms] [ERROR] Failed to load resource: net::ERR_CONNECTION_REFUSED @ http://localhost:8501/_stcore/health:0
[  175150ms] [ERROR] Failed to load resource: net::ERR_CONNECTION_REFUSED @ http://localhost:8501/_stcore/host-config:0
[  177862ms] [ERROR] Failed to load resource: net::ERR_CONNECTION_REFUSED @ http://localhost:8501/_stcore/health:0
[  177880ms] [ERROR] Failed to load resource: net::ERR_CONNECTION_REFUSED @ http://localhost:8501/_stcore/host-config:0
[  181718ms] [ERROR] Failed to load resource: net::ERR_CONNECTION_REFUSED @ http://localhost:8501/_stcore/health:0
[  181719ms] [ERROR] Client Error in reaching server endpoint - No response received when attempting to reach /_stcore/health @ http://localhost:8501/static/js/index.D2ZqaFuW.js:16
[  181719ms] [ERROR] Is Streamlit still running? If you accidentally stopped Streamlit, just restart it in your terminal: @ http://localhost:8501/static/js/index.D2ZqaFuW.js:21
[  181719ms] [ERROR] Failed to load resource: net::ERR_CONNECTION_REFUSED @ http://localhost:8501/_stcore/host-config:0
[  181993ms] [ERROR] Failed to load resource: net::ERR_CONNECTION_REFUSED @ http://localhost:8501/static/media/SourceCodeVF-Upright.ttf.BjWn63N-.woff2:0
[  184158ms] [ERROR] Failed to load resource: net::ERR_CONNECTION_REFUSED @ http://localhost:8501/_stcore/health:0
[  184158ms] [ERROR] Client Error in reaching server endpoint - No response received when attempting to reach /_stcore/health @ http://localhost:8501/static/js/index.D2ZqaFuW.js:16
[  184158ms] [ERROR] Is Streamlit still running? If you accidentally stopped Streamlit, just restart it in your terminal: @ http://localhost:8501/static/js/index.D2ZqaFuW.js:21
[  186064ms] [ERROR] Failed to load resource: net::ERR_CONNECTION_REFUSED @ http://localhost:8501/_stcore/host-config:0
[  188530ms] [ERROR] Failed to load resource: net::ERR_CONNECTION_REFUSED @ http://localhost:8501/_stcore/health:0
[  188530ms] [ERROR] Client Error in reaching server endpoint - No response received when attempting to reach /_stcore/health @ http://localhost:8501/static/js/index.D2ZqaFuW.js:16
[  188530ms] [ERROR] Is Streamlit still running? If you accidentally stopped Streamlit, just restart it in your terminal: @ http://localhost:8501/static/js/index.D2ZqaFuW.js:21
[  188531ms] [ERROR] Failed to load resource: net::ERR_CONNECTION_REFUSED @ http://localhost:8501/_stcore/host-config:0
[  192870ms] [ERROR] Failed to load resource: net::ERR_CONNECTION_REFUSED @ http://localhost:8501/_stcore/health:0
[  192871ms] [ERROR] Client Error in reaching server endpoint - No response received when attempting to reach /_stcore/health @ http://localhost:8501/static/js/index.D2ZqaFuW.js:16
[  192871ms] [ERROR] Is Streamlit still running? If you accidentally stopped Streamlit, just restart it in your terminal: @ http://localhost:8501/static/js/index.D2ZqaFuW.js:21
[  192912ms] [ERROR] Failed to load resource: net::ERR_CONNECTION_REFUSED @ http://localhost:8501/_stcore/host-config:0
[  197187ms] [ERROR] Failed to load resource: net::ERR_CONNECTION_REFUSED @ http://localhost:8501/_stcore/health:0
[  197187ms] [ERROR] Client Error in reaching server endpoint - No response received when attempting to reach /_stcore/health @ http://localhost:8501/static/js/index.D2ZqaFuW.js:16
[  197187ms] [ERROR] Is Streamlit still running? If you accidentally stopped Streamlit, just restart it in your terminal: @ http://localhost:8501/static/js/index.D2ZqaFuW.js:21
[  197227ms] [ERROR] Failed to load resource: net::ERR_CONNECTION_REFUSED @ http://localhost:8501/_stcore/host-config:0
[  201559ms] [ERROR] Failed to load resource: net::ERR_CONNECTION_REFUSED @ http://localhost:8501/_stcore/health:0
[  201559ms] [ERROR] Client Error in reaching server endpoint - No response received when attempting to reach /_stcore/health @ http://localhost:8501/static/js/index.D2ZqaFuW.js:16
[  201559ms] [ERROR] Is Streamlit still running? If you accidentally stopped Streamlit, just restart it in your terminal: @ http://localhost:8501/static/js/index.D2ZqaFuW.js:21
[  201559ms] [ERROR] Failed to load resource: net::ERR_CONNECTION_REFUSED @ http://localhost:8501/_stcore/host-config:0
[  205895ms] [ERROR] Failed to load resource: net::ERR_CONNECTION_REFUSED @ http://localhost:8501/_stcore/health:0
[  205895ms] [ERROR] Client Error in reaching server endpoint - No response received when attempting to reach /_stcore/health @ http://localhost:8501/static/js/index.D2ZqaFuW.js:16
[  205896ms] [ERROR] Is Streamlit still running? If you accidentally stopped Streamlit, just restart it in your terminal: @ http://localhost:8501/static/js/index.D2ZqaFuW.js:21
[  205938ms] [ERROR] Failed to load resource: net::ERR_CONNECTION_REFUSED @ http://localhost:8501/_stcore/host-config:0
[  210228ms] [ERROR] Failed to load resource: net::ERR_CONNECTION_REFUSED @ http://localhost:8501/_stcore/health:0
[  210228ms] [ERROR] Client Error in reaching server endpoint - No response received when attempting to reach /_stcore/health @ http://localhost:8501/static/js/index.D2ZqaFuW.js:16
[  210228ms] [ERROR] Is Streamlit still running? If you accidentally stopped Streamlit, just restart it in your terminal: @ http://localhost:8501/static/js/index.D2ZqaFuW.js:21
[  210230ms] [ERROR] Failed to load resource: net::ERR_CONNECTION_REFUSED @ http://localhost:8501/_stcore/host-config:0
[  452419ms] [WARNING] Unrecognized feature: 'ambient-light-sensor'. @ http://localhost:8501/static/js/isLength.DwwZub7z.js:0
[  452419ms] [WARNING] Unrecognized feature: 'battery'. @ http://localhost:8501/static/js/isLength.DwwZub7z.js:0
[  452419ms] [WARNING] Unrecognized feature: 'document-domain'. @ http://localhost:8501/static/js/isLength.DwwZub7z.js:0
[  452419ms] [WARNING] Unrecognized feature: 'layout-animations'. @ http://localhost:8501/static/js/isLength.DwwZub7z.js:0
[  452419ms] [WARNING] Unrecognized feature: 'legacy-image-formats'. @ http://localhost:8501/static/js/isLength.DwwZub7z.js:0
[  452419ms] [WARNING] Unrecognized feature: 'oversized-images'. @ http://localhost:8501/static/js/isLength.DwwZub7z.js:0
[  452420ms] [WARNING] Unrecognized feature: 'vr'. @ http://localhost:8501/static/js/isLength.DwwZub7z.js:0
[  452420ms] [WARNING] Unrecognized feature: 'wake-lock'. @ http://localhost:8501/static/js/isLength.DwwZub7z.js:0
[  452427ms] [WARNING] An iframe which has both allow-scripts and allow-same-origin for its sandbox attribute can escape its sandboxing. @ about:srcdoc:0
[  471341ms] [ERROR] Unsafe attempt to initiate navigation for frame with URL 'http://localhost:8501/' from frame with URL 'about:srcdoc'. The frame attempting navigation of the top-level window is sandboxed, but the flag of 'allow-top-navigation' or 'allow-top-navigation-by-user-activation' is not set.
 @ :0
